CONNECT udp:127.0.0.1:14550
HEARTBEAT target=1/0 mode=GUIDED
BOOTSTRAP gz=(0.252,-2.656,66.691) local=(-2.678,0.268,-66.181) axis=enu speed_source=zero attitude_source=zero pose_delay=0.60s bias=(0.00,0.00) noise_std=0.25 observe_only=False
GT sent=1 pose=(-2.73,0.36,-66.18) vel=(0.00,0.00,0.00) err=(-0.05,0.10,0.00) local_age=0.00s ekf_flags=831 vel_var=0.007 pos_var=0.005
STATUSTEXT severity=6 text=No ap_message for mavlink id (264)
STATUSTEXT severity=6 text=No ap_message for mavlink id (253)
GT sent=5 pose=(-2.44,0.35,-66.18) vel=(0.00,0.00,0.00) err=(0.24,0.08,0.01) local_age=0.03s ekf_flags=831 vel_var=0.007 pos_var=0.004
GT sent=10 pose=(-3.05,0.07,-66.19) vel=(0.00,0.00,0.00) err=(-0.38,-0.20,0.01) local_age=0.34s ekf_flags=831 vel_var=0.007 pos_var=0.004
GT sent=14 pose=(-2.77,0.55,-66.20) vel=(0.00,0.00,0.00) err=(-0.09,0.28,-0.00) local_age=0.07s ekf_flags=831 vel_var=0.008 pos_var=0.004
GT sent=19 pose=(-2.72,0.15,-66.19) vel=(0.00,0.00,0.00) err=(-0.04,-0.11,-0.00) local_age=0.07s ekf_flags=831 vel_var=0.008 pos_var=0.004
GT sent=24 pose=(-3.07,0.28,-66.19) vel=(0.00,0.00,0.00) err=(-0.39,0.02,-0.00) local_age=0.13s ekf_flags=831 vel_var=0.008 pos_var=0.004
GT sent=29 pose=(-2.46,0.48,-66.19) vel=(0.00,0.00,0.00) err=(0.22,0.21,-0.00) local_age=0.46s ekf_flags=831 vel_var=0.008 pos_var=0.004
GT sent=33 pose=(-2.82,-0.08,-66.19) vel=(0.00,0.00,0.00) err=(-0.15,-0.35,-0.00) local_age=0.26s ekf_flags=831 vel_var=0.008 pos_var=0.005
GT sent=37 pose=(-2.94,-0.30,-66.18) vel=(0.00,0.00,0.00) err=(-0.27,-0.56,0.01) local_age=0.25s ekf_flags=831 vel_var=0.010 pos_var=0.005
GT sent=41 pose=(-2.62,0.30,-66.20) vel=(0.00,0.00,0.00) err=(0.05,0.03,0.00) local_age=1.25s ekf_flags=831 vel_var=0.010 pos_var=0.005
GT sent=45 pose=(-2.55,0.58,-66.20) vel=(0.00,0.00,0.00) err=(0.12,0.31,0.00) local_age=2.25s ekf_flags=831 vel_var=0.010 pos_var=0.005
GT sent=50 pose=(-2.76,0.14,-66.20) vel=(0.00,0.00,0.00) err=(-0.09,-0.13,0.00) local_age=3.50s ekf_flags=831 vel_var=0.010 pos_var=0.005
GT sent=54 pose=(-2.55,-0.61,-66.20) vel=(0.00,0.00,0.00) err=(0.12,-0.88,0.00) local_age=4.50s ekf_flags=831 vel_var=0.010 pos_var=0.005
GT sent=59 pose=(-2.44,-1.77,-66.20) vel=(0.00,0.00,0.00) err=(0.22,-2.04,0.00) local_age=5.75s ekf_flags=831 vel_var=0.010 pos_var=0.005
GT sent=64 pose=(-2.87,-1.78,-66.20) vel=(0.00,0.00,0.00) err=(-0.20,-2.04,0.00) local_age=7.00s ekf_flags=831 vel_var=0.010 pos_var=0.005
GT sent=68 pose=(-2.91,-1.46,-66.20) vel=(0.00,0.00,0.00) err=(-0.24,-1.73,0.00) local_age=8.00s ekf_flags=831 vel_var=0.010 pos_var=0.005
GT sent=73 pose=(-4.12,-0.78,-66.20) vel=(0.00,0.00,0.00) err=(-1.46,-1.05,0.00) local_age=9.25s ekf_flags=831 vel_var=0.010 pos_var=0.005
GT sent=77 pose=(-3.95,0.42,-66.20) vel=(0.00,0.00,0.00) err=(-1.29,0.15,0.00) local_age=10.25s ekf_flags=831 vel_var=0.010 pos_var=0.005
GT sent=81 pose=(-4.27,0.81,-66.20) vel=(0.00,0.00,0.00) err=(-1.60,0.55,0.00) local_age=11.25s ekf_flags=831 vel_var=0.010 pos_var=0.005
GT sent=86 pose=(-3.25,0.90,-66.20) vel=(0.00,0.00,0.00) err=(-0.58,0.64,0.00) local_age=12.50s ekf_flags=831 vel_var=0.010 pos_var=0.005
GT sent=90 pose=(-2.42,0.69,-66.20) vel=(0.00,0.00,0.00) err=(0.24,0.43,0.00) local_age=13.50s ekf_flags=831 vel_var=0.010 pos_var=0.005
GT sent=95 pose=(-1.45,-0.37,-66.20) vel=(0.00,0.00,0.00) err=(1.22,-0.64,0.00) local_age=14.75s ekf_flags=831 vel_var=0.010 pos_var=0.005
GT sent=99 pose=(-2.26,-1.01,-66.20) vel=(0.00,0.00,0.00) err=(0.41,-1.28,0.00) local_age=15.80s ekf_flags=831 vel_var=0.010 pos_var=0.005
GT sent=104 pose=(-2.87,-0.72,-66.20) vel=(0.00,0.00,0.00) err=(-0.21,-0.98,0.00) local_age=17.00s ekf_flags=831 vel_var=0.010 pos_var=0.005
GT sent=109 pose=(-3.57,0.00,-66.20) vel=(0.00,0.00,0.00) err=(-0.90,-0.27,0.00) local_age=18.25s ekf_flags=831 vel_var=0.010 pos_var=0.005
GT sent=114 pose=(-3.21,0.39,-66.20) vel=(0.00,0.00,0.00) err=(-0.54,0.12,0.00) local_age=19.50s ekf_flags=831 vel_var=0.010 pos_var=0.005
GT sent=119 pose=(-3.20,-0.09,-66.20) vel=(0.00,0.00,0.00) err=(-0.53,-0.36,0.00) local_age=20.75s ekf_flags=831 vel_var=0.010 pos_var=0.005
GT sent=123 pose=(-2.89,-0.34,-66.20) vel=(0.00,0.00,0.00) err=(-0.23,-0.61,0.00) local_age=21.86s ekf_flags=831 vel_var=0.010 pos_var=0.005
GT sent=128 pose=(-3.03,-1.27,-66.20) vel=(0.00,0.00,0.00) err=(-0.36,-1.54,0.00) local_age=23.00s ekf_flags=831 vel_var=0.010 pos_var=0.005
GT sent=133 pose=(-2.54,-1.83,-66.20) vel=(0.00,0.00,0.00) err=(0.12,-2.10,0.00) local_age=24.25s ekf_flags=831 vel_var=0.010 pos_var=0.005
GT sent=137 pose=(-1.93,-1.77,-66.20) vel=(0.00,0.00,0.00) err=(0.74,-2.03,0.00) local_age=25.25s ekf_flags=831 vel_var=0.010 pos_var=0.005
GT sent=142 pose=(-2.14,-0.17,-66.20) vel=(0.00,0.00,0.00) err=(0.53,-0.44,0.00) local_age=26.64s ekf_flags=831 vel_var=0.010 pos_var=0.005
GT sent=147 pose=(-1.81,1.36,-66.20) vel=(0.00,0.00,0.00) err=(0.86,1.09,0.00) local_age=27.91s ekf_flags=831 vel_var=0.010 pos_var=0.005
GT sent=152 pose=(-2.11,2.25,-66.20) vel=(0.00,0.00,0.00) err=(0.56,1.98,0.00) local_age=29.00s ekf_flags=831 vel_var=0.010 pos_var=0.005
GT sent=156 pose=(-2.91,2.50,-66.20) vel=(0.00,0.00,0.00) err=(-0.24,2.23,0.00) local_age=30.00s ekf_flags=831 vel_var=0.010 pos_var=0.005
GT sent=161 pose=(-5.25,1.19,-66.20) vel=(0.00,0.00,0.00) err=(-2.59,0.92,0.00) local_age=31.25s ekf_flags=831 vel_var=0.010 pos_var=0.005
GT sent=165 pose=(-5.63,-1.48,-66.20) vel=(0.00,0.00,0.00) err=(-2.97,-1.74,0.00) local_age=32.25s ekf_flags=831 vel_var=0.010 pos_var=0.005
GT sent=170 pose=(-5.25,-3.00,-66.20) vel=(0.00,0.00,0.00) err=(-2.58,-3.27,0.00) local_age=33.50s ekf_flags=831 vel_var=0.010 pos_var=0.005
GT sent=175 pose=(-2.95,-2.98,-66.20) vel=(0.00,0.00,0.00) err=(-0.28,-3.25,0.00) local_age=34.75s ekf_flags=831 vel_var=0.010 pos_var=0.005
GT sent=180 pose=(-2.15,-1.50,-66.20) vel=(0.00,0.00,0.00) err=(0.52,-1.77,0.00) local_age=36.00s ekf_flags=831 vel_var=0.010 pos_var=0.005
GT sent=185 pose=(-1.67,0.56,-66.20) vel=(0.00,0.00,0.00) err=(0.99,0.29,0.00) local_age=37.25s ekf_flags=831 vel_var=0.010 pos_var=0.005
GT sent=190 pose=(-2.42,1.44,-66.20) vel=(0.00,0.00,0.00) err=(0.25,1.17,0.00) local_age=38.50s ekf_flags=831 vel_var=0.010 pos_var=0.005
GT sent=194 pose=(-2.84,1.15,-66.20) vel=(0.00,0.00,0.00) err=(-0.18,0.88,0.00) local_age=39.50s ekf_flags=831 vel_var=0.010 pos_var=0.005
GT sent=199 pose=(-2.69,-0.20,-66.20) vel=(0.00,0.00,0.00) err=(-0.03,-0.47,0.00) local_age=40.75s ekf_flags=831 vel_var=0.010 pos_var=0.005
GT sent=204 pose=(-1.27,-1.49,-66.20) vel=(0.00,0.00,0.00) err=(1.40,-1.75,0.00) local_age=42.04s ekf_flags=831 vel_var=0.010 pos_var=0.005
GT sent=209 pose=(-1.30,-1.82,-66.20) vel=(0.00,0.00,0.00) err=(1.37,-2.09,0.00) local_age=43.25s ekf_flags=831 vel_var=0.010 pos_var=0.005
GT sent=214 pose=(-2.86,-2.17,-66.20) vel=(0.00,0.00,0.00) err=(-0.20,-2.43,0.00) local_age=44.50s ekf_flags=831 vel_var=0.010 pos_var=0.005
GT sent=219 pose=(-4.85,-2.45,-66.20) vel=(0.00,0.00,0.00) err=(-2.18,-2.71,0.00) local_age=45.75s ekf_flags=831 vel_var=0.010 pos_var=0.005
GT sent=223 pose=(-5.93,-1.70,-66.20) vel=(0.00,0.00,0.00) err=(-3.26,-1.97,0.00) local_age=46.75s ekf_flags=831 vel_var=0.010 pos_var=0.005
GT sent=228 pose=(-5.61,0.86,-66.20) vel=(0.00,0.00,0.00) err=(-2.94,0.59,0.00) local_age=48.14s ekf_flags=831 vel_var=0.010 pos_var=0.005
GT sent=233 pose=(-4.77,2.96,-66.20) vel=(0.00,0.00,0.00) err=(-2.10,2.69,0.00) local_age=49.25s ekf_flags=831 vel_var=0.010 pos_var=0.005
GT sent=238 pose=(-2.13,4.60,-66.20) vel=(0.00,0.00,0.00) err=(0.53,4.33,0.00) local_age=50.50s ekf_flags=831 vel_var=0.010 pos_var=0.005
GT sent=242 pose=(0.59,3.12,-66.20) vel=(0.00,0.00,0.00) err=(3.25,2.85,0.00) local_age=51.71s ekf_flags=831 vel_var=0.010 pos_var=0.005
GT sent=247 pose=(0.93,1.27,-66.20) vel=(0.00,0.00,0.00) err=(3.60,1.00,0.00) local_age=52.75s ekf_flags=831 vel_var=0.010 pos_var=0.005
GT sent=252 pose=(-0.64,-3.42,-66.20) vel=(0.00,0.00,0.00) err=(2.03,-3.69,0.00) local_age=54.16s ekf_flags=831 vel_var=0.010 pos_var=0.005
GT sent=257 pose=(-3.22,-4.56,-66.20) vel=(0.00,0.00,0.00) err=(-0.55,-4.83,0.00) local_age=55.25s ekf_flags=831 vel_var=0.010 pos_var=0.005
GT sent=261 pose=(-4.21,-4.17,-66.20) vel=(0.00,0.00,0.00) err=(-1.54,-4.44,0.00) local_age=56.25s ekf_flags=831 vel_var=0.010 pos_var=0.005
GT sent=265 pose=(-4.90,-1.82,-66.20) vel=(0.00,0.00,0.00) err=(-2.23,-2.09,0.00) local_age=57.25s ekf_flags=831 vel_var=0.010 pos_var=0.005
GT sent=269 pose=(-4.13,0.55,-66.20) vel=(0.00,0.00,0.00) err=(-1.46,0.28,0.00) local_age=58.25s ekf_flags=831 vel_var=0.010 pos_var=0.005
GT sent=274 pose=(-3.02,2.08,-66.20) vel=(0.00,0.00,0.00) err=(-0.36,1.81,0.00) local_age=59.50s ekf_flags=831 vel_var=0.010 pos_var=0.005
GT sent=279 pose=(-2.01,1.43,-66.20) vel=(0.00,0.00,0.00) err=(0.66,1.16,0.00) local_age=60.75s ekf_flags=831 vel_var=0.010 pos_var=0.005
GT sent=282 pose=(-2.36,0.55,-66.20) vel=(0.00,0.00,0.00) err=(0.31,0.28,0.00) local_age=61.76s ekf_flags=831 vel_var=0.010 pos_var=0.005
GT sent=288 pose=(-3.65,-0.65,-66.20) vel=(0.00,0.00,0.00) err=(-0.98,-0.92,0.00) local_age=63.00s ekf_flags=831 vel_var=0.010 pos_var=0.005
GT sent=293 pose=(-4.53,-2.26,-66.20) vel=(0.00,0.00,0.00) err=(-1.86,-2.52,0.00) local_age=64.30s ekf_flags=831 vel_var=0.010 pos_var=0.005
GT sent=298 pose=(-4.07,-2.32,-66.20) vel=(0.00,0.00,0.00) err=(-1.40,-2.58,0.00) local_age=65.50s ekf_flags=831 vel_var=0.010 pos_var=0.005
GT sent=302 pose=(-2.32,-1.61,-66.20) vel=(0.00,0.00,0.00) err=(0.35,-1.87,0.00) local_age=66.77s ekf_flags=831 vel_var=0.010 pos_var=0.005
GT sent=308 pose=(-0.23,-0.81,-66.20) vel=(0.00,0.00,0.00) err=(2.43,-1.07,0.00) local_age=68.00s ekf_flags=831 vel_var=0.010 pos_var=0.005
GT sent=313 pose=(0.48,0.81,-66.20) vel=(0.00,0.00,0.00) err=(3.15,0.54,0.00) local_age=69.25s ekf_flags=831 vel_var=0.010 pos_var=0.005
GT sent=317 pose=(-0.62,2.86,-66.20) vel=(0.00,0.00,0.00) err=(2.05,2.59,0.00) local_age=70.38s ekf_flags=831 vel_var=0.010 pos_var=0.005
GT sent=322 pose=(-2.80,3.75,-66.20) vel=(0.00,0.00,0.00) err=(-0.14,3.48,0.00) local_age=71.78s ekf_flags=831 vel_var=0.010 pos_var=0.005
GT sent=328 pose=(-6.15,3.07,-66.20) vel=(0.00,0.00,0.00) err=(-3.49,2.80,0.00) local_age=73.00s ekf_flags=831 vel_var=0.010 pos_var=0.005
GT sent=333 pose=(-8.74,-0.66,-66.20) vel=(0.00,0.00,0.00) err=(-6.07,-0.93,0.00) local_age=74.41s ekf_flags=831 vel_var=0.010 pos_var=0.005
GT sent=338 pose=(-8.01,-4.38,-66.20) vel=(0.00,0.00,0.00) err=(-5.35,-4.65,0.00) local_age=75.50s ekf_flags=831 vel_var=0.010 pos_var=0.005
GT sent=343 pose=(-3.46,-6.72,-66.20) vel=(0.00,0.00,0.00) err=(-0.80,-6.99,0.00) local_age=76.80s ekf_flags=831 vel_var=0.010 pos_var=0.005
GT sent=348 pose=(0.94,-5.62,-66.14) vel=(0.00,0.00,0.00) err=(-0.34,-0.26,-0.06) local_age=0.25s ekf_flags=831 vel_var=0.528 pos_var=0.083
GT sent=352 pose=(3.31,-2.84,-66.02) vel=(0.00,0.00,0.00) err=(0.21,0.64,-0.02) local_age=0.01s ekf_flags=831 vel_var=0.365 pos_var=0.088
