CONNECT udp:127.0.0.1:14550
HEARTBEAT target=1/0 mode=GUIDED
BOOTSTRAP gz=(-0.017,0.031,100.483) local=(0.006,0.004,-99.996) axis=enu speed_source=zero attitude_source=zero pose_delay=0.60s bias=(0.00,0.00) noise_std=0.00 observe_only=False
GT sent=1 pose=(0.01,0.00,-100.00) vel=(0.00,0.00,0.00) err=(0.00,0.00,0.00) local_age=0.00s ekf_flags=831 vel_var=0.009 pos_var=0.005
STATUSTEXT severity=6 text=No ap_message for mavlink id (253)
GT sent=5 pose=(0.01,0.00,-100.00) vel=(0.00,0.00,0.00) err=(-0.00,-0.00,-0.00) local_age=0.30s ekf_flags=831 vel_var=0.009 pos_var=0.006
GT sent=10 pose=(0.00,0.00,-99.99) vel=(0.00,0.00,0.00) err=(-0.00,-0.00,0.00) local_age=0.25s ekf_flags=831 vel_var=0.008 pos_var=0.006
GT sent=15 pose=(-0.00,0.00,-99.99) vel=(0.00,0.00,0.00) err=(-0.01,-0.00,-0.00) local_age=0.00s ekf_flags=831 vel_var=0.008 pos_var=0.006
GT sent=19 pose=(-0.00,-0.00,-99.99) vel=(0.00,0.00,0.00) err=(-0.01,-0.00,-0.00) local_age=0.25s ekf_flags=831 vel_var=0.009 pos_var=0.006
GT sent=23 pose=(-0.01,-0.00,-99.99) vel=(0.00,0.00,0.00) err=(-0.01,-0.01,-0.00) local_age=0.50s ekf_flags=831 vel_var=0.009 pos_var=0.006
GT sent=27 pose=(-0.01,0.00,-99.99) vel=(0.00,0.00,0.00) err=(-0.01,-0.00,-0.00) local_age=0.11s ekf_flags=831 vel_var=0.009 pos_var=0.006
GT sent=31 pose=(-0.01,0.01,-99.98) vel=(0.00,0.00,0.00) err=(-0.01,0.00,0.00) local_age=0.44s ekf_flags=831 vel_var=0.009 pos_var=0.006
GT sent=35 pose=(-0.01,0.02,-99.98) vel=(0.00,0.00,0.00) err=(-0.01,0.01,0.00) local_age=1.44s ekf_flags=831 vel_var=0.009 pos_var=0.006
GT sent=39 pose=(0.00,0.01,-99.98) vel=(0.00,0.00,0.00) err=(-0.00,0.01,0.00) local_age=2.44s ekf_flags=831 vel_var=0.009 pos_var=0.006
GT sent=44 pose=(0.04,-0.03,-99.98) vel=(0.00,0.00,0.00) err=(0.04,-0.04,0.00) local_age=3.69s ekf_flags=831 vel_var=0.009 pos_var=0.006
GT sent=48 pose=(0.06,-0.06,-99.98) vel=(0.00,0.00,0.00) err=(0.06,-0.06,0.00) local_age=4.69s ekf_flags=831 vel_var=0.009 pos_var=0.006
GT sent=52 pose=(0.09,-0.09,-99.98) vel=(0.00,0.00,0.00) err=(0.08,-0.09,0.00) local_age=5.69s ekf_flags=831 vel_var=0.009 pos_var=0.006
GT sent=56 pose=(0.09,-0.10,-99.98) vel=(0.00,0.00,0.00) err=(0.08,-0.10,0.00) local_age=6.69s ekf_flags=831 vel_var=0.009 pos_var=0.006
GT sent=61 pose=(0.06,-0.08,-99.98) vel=(0.00,0.00,0.00) err=(0.06,-0.09,0.00) local_age=7.94s ekf_flags=831 vel_var=0.009 pos_var=0.006
GT sent=65 pose=(0.03,-0.05,-99.98) vel=(0.00,0.00,0.00) err=(0.02,-0.05,0.00) local_age=8.94s ekf_flags=831 vel_var=0.009 pos_var=0.006
GT sent=69 pose=(0.00,-0.01,-99.98) vel=(0.00,0.00,0.00) err=(-0.00,-0.02,0.00) local_age=9.94s ekf_flags=831 vel_var=0.009 pos_var=0.006
GT sent=74 pose=(-0.02,0.02,-99.98) vel=(0.00,0.00,0.00) err=(-0.02,0.02,0.00) local_age=11.24s ekf_flags=831 vel_var=0.009 pos_var=0.006
GT sent=79 pose=(-0.00,0.03,-99.98) vel=(0.00,0.00,0.00) err=(-0.01,0.02,0.00) local_age=12.44s ekf_flags=831 vel_var=0.009 pos_var=0.006
GT sent=83 pose=(0.03,0.01,-99.98) vel=(0.00,0.00,0.00) err=(0.02,0.00,0.00) local_age=13.50s ekf_flags=831 vel_var=0.009 pos_var=0.006
GT sent=88 pose=(0.07,-0.04,-99.98) vel=(0.00,0.00,0.00) err=(0.07,-0.04,0.00) local_age=14.69s ekf_flags=831 vel_var=0.009 pos_var=0.006
GT sent=93 pose=(0.10,-0.08,-99.98) vel=(0.00,0.00,0.00) err=(0.10,-0.08,0.00) local_age=15.94s ekf_flags=831 vel_var=0.009 pos_var=0.006
GT sent=97 pose=(0.10,-0.09,-99.98) vel=(0.00,0.00,0.00) err=(0.09,-0.10,0.00) local_age=16.94s ekf_flags=831 vel_var=0.009 pos_var=0.006
GT sent=102 pose=(0.05,-0.08,-99.98) vel=(0.00,0.00,0.00) err=(0.05,-0.08,0.00) local_age=18.36s ekf_flags=831 vel_var=0.009 pos_var=0.006
GT sent=107 pose=(0.00,-0.04,-99.98) vel=(0.00,0.00,0.00) err=(-0.00,-0.04,0.00) local_age=19.60s ekf_flags=831 vel_var=0.009 pos_var=0.006
GT sent=112 pose=(-0.02,-0.00,-99.98) vel=(0.00,0.00,0.00) err=(-0.03,-0.01,0.00) local_age=20.69s ekf_flags=831 vel_var=0.009 pos_var=0.006
GT sent=116 pose=(-0.03,0.02,-99.98) vel=(0.00,0.00,0.00) err=(-0.03,0.02,0.00) local_age=21.69s ekf_flags=831 vel_var=0.009 pos_var=0.006
GT sent=121 pose=(0.00,0.03,-99.98) vel=(0.00,0.00,0.00) err=(-0.00,0.03,0.00) local_age=22.94s ekf_flags=831 vel_var=0.009 pos_var=0.006
GT sent=125 pose=(0.03,0.01,-99.98) vel=(0.00,0.00,0.00) err=(0.03,0.01,0.00) local_age=23.94s ekf_flags=831 vel_var=0.009 pos_var=0.006
GT sent=130 pose=(0.09,-0.04,-99.98) vel=(0.00,0.00,0.00) err=(0.09,-0.05,0.00) local_age=25.19s ekf_flags=831 vel_var=0.009 pos_var=0.006
GT sent=135 pose=(0.11,-0.09,-99.98) vel=(0.00,0.00,0.00) err=(0.11,-0.09,0.00) local_age=26.44s ekf_flags=831 vel_var=0.009 pos_var=0.006
GT sent=140 pose=(0.09,-0.11,-99.98) vel=(0.00,0.00,0.00) err=(0.08,-0.11,0.00) local_age=27.69s ekf_flags=831 vel_var=0.009 pos_var=0.006
GT sent=144 pose=(0.05,-0.09,-99.98) vel=(0.00,0.00,0.00) err=(0.04,-0.09,0.00) local_age=28.69s ekf_flags=831 vel_var=0.009 pos_var=0.006
GT sent=148 pose=(0.00,-0.05,-99.98) vel=(0.00,0.00,0.00) err=(-0.00,-0.06,0.00) local_age=29.69s ekf_flags=831 vel_var=0.009 pos_var=0.006
GT sent=153 pose=(-0.04,0.00,-99.98) vel=(0.00,0.00,0.00) err=(-0.04,-0.00,0.00) local_age=30.94s ekf_flags=831 vel_var=0.009 pos_var=0.006
GT sent=157 pose=(-0.04,0.04,-99.98) vel=(0.00,0.00,0.00) err=(-0.04,0.03,0.00) local_age=31.94s ekf_flags=831 vel_var=0.009 pos_var=0.006
GT sent=162 pose=(0.01,0.03,-99.98) vel=(0.00,0.00,0.00) err=(0.01,0.03,0.00) local_age=33.40s ekf_flags=831 vel_var=0.009 pos_var=0.006
GT sent=167 pose=(0.06,-0.00,-99.98) vel=(0.00,0.00,0.00) err=(0.06,-0.01,0.00) local_age=34.44s ekf_flags=831 vel_var=0.009 pos_var=0.006
GT sent=171 pose=(0.11,-0.05,-99.98) vel=(0.00,0.00,0.00) err=(0.10,-0.06,0.00) local_age=35.44s ekf_flags=831 vel_var=0.009 pos_var=0.006
GT sent=175 pose=(0.13,-0.10,-99.98) vel=(0.00,0.00,0.00) err=(0.12,-0.10,0.00) local_age=36.44s ekf_flags=831 vel_var=0.009 pos_var=0.006
GT sent=180 pose=(0.10,-0.12,-99.98) vel=(0.00,0.00,0.00) err=(0.10,-0.13,0.00) local_age=37.70s ekf_flags=831 vel_var=0.009 pos_var=0.006
GT sent=185 pose=(0.06,-0.11,-99.98) vel=(0.00,0.00,0.00) err=(0.05,-0.11,0.00) local_age=38.94s ekf_flags=831 vel_var=0.009 pos_var=0.006
GT sent=190 pose=(-0.02,-0.04,-99.98) vel=(0.00,0.00,0.00) err=(-0.02,-0.05,0.00) local_age=40.19s ekf_flags=831 vel_var=0.009 pos_var=0.006
GT sent=194 pose=(-0.05,0.01,-99.98) vel=(0.00,0.00,0.00) err=(-0.05,0.00,0.00) local_age=41.19s ekf_flags=831 vel_var=0.009 pos_var=0.006
GT sent=199 pose=(-0.04,0.04,-99.98) vel=(0.00,0.00,0.00) err=(-0.04,0.04,0.00) local_age=42.44s ekf_flags=831 vel_var=0.009 pos_var=0.006
GT sent=202 pose=(0.00,0.04,-99.98) vel=(0.00,0.00,0.00) err=(-0.00,0.03,0.00) local_age=43.44s ekf_flags=831 vel_var=0.009 pos_var=0.006
GT sent=208 pose=(0.07,-0.01,-99.98) vel=(0.00,0.00,0.00) err=(0.07,-0.02,0.00) local_age=44.69s ekf_flags=831 vel_var=0.009 pos_var=0.006
GT sent=212 pose=(0.11,-0.07,-99.98) vel=(0.00,0.00,0.00) err=(0.11,-0.07,0.00) local_age=45.78s ekf_flags=831 vel_var=0.009 pos_var=0.006
GT sent=217 pose=(0.13,-0.12,-99.98) vel=(0.00,0.00,0.00) err=(0.13,-0.12,0.00) local_age=46.94s ekf_flags=831 vel_var=0.009 pos_var=0.006
GT sent=222 pose=(0.07,-0.11,-99.98) vel=(0.00,0.00,0.00) err=(0.07,-0.11,0.00) local_age=48.47s ekf_flags=831 vel_var=0.009 pos_var=0.006
GT sent=228 pose=(0.01,-0.05,-99.98) vel=(0.00,0.00,0.00) err=(0.00,-0.05,0.00) local_age=49.85s ekf_flags=831 vel_var=0.009 pos_var=0.006
GT sent=233 pose=(-0.03,0.01,-99.98) vel=(0.00,0.00,0.00) err=(-0.04,0.00,0.00) local_age=50.94s ekf_flags=831 vel_var=0.009 pos_var=0.006
GT sent=238 pose=(-0.04,0.05,-99.98) vel=(0.00,0.00,0.00) err=(-0.05,0.05,0.00) local_age=52.19s ekf_flags=831 vel_var=0.009 pos_var=0.006
GT sent=242 pose=(-0.01,0.04,-99.98) vel=(0.00,0.00,0.00) err=(-0.01,0.04,0.00) local_age=53.47s ekf_flags=831 vel_var=0.009 pos_var=0.006
GT sent=248 pose=(0.05,-0.01,-99.98) vel=(0.00,0.00,0.00) err=(0.05,-0.02,0.00) local_age=54.69s ekf_flags=831 vel_var=0.009 pos_var=0.006
GT sent=253 pose=(0.11,-0.09,-99.98) vel=(0.00,0.00,0.00) err=(0.10,-0.09,0.00) local_age=55.94s ekf_flags=831 vel_var=0.009 pos_var=0.006
GT sent=257 pose=(0.12,-0.13,-99.98) vel=(0.00,0.00,0.00) err=(0.12,-0.13,0.00) local_age=56.94s ekf_flags=831 vel_var=0.009 pos_var=0.006
GT sent=261 pose=(0.11,-0.13,-99.98) vel=(0.00,0.00,0.00) err=(0.11,-0.14,0.00) local_age=57.94s ekf_flags=831 vel_var=0.009 pos_var=0.006
GT sent=266 pose=(0.06,-0.08,-99.98) vel=(0.00,0.00,0.00) err=(0.06,-0.09,0.00) local_age=59.19s ekf_flags=831 vel_var=0.009 pos_var=0.006
GT sent=270 pose=(0.02,-0.02,-99.98) vel=(0.00,0.00,0.00) err=(0.01,-0.03,0.00) local_age=60.19s ekf_flags=831 vel_var=0.009 pos_var=0.006
GT sent=275 pose=(-0.03,0.05,-99.98) vel=(0.00,0.00,0.00) err=(-0.04,0.04,0.00) local_age=61.44s ekf_flags=831 vel_var=0.009 pos_var=0.006
GT sent=279 pose=(-0.05,0.07,-99.98) vel=(0.00,0.00,0.00) err=(-0.05,0.07,0.00) local_age=62.44s ekf_flags=831 vel_var=0.009 pos_var=0.006
GT sent=283 pose=(-0.03,0.05,-99.98) vel=(0.00,0.00,0.00) err=(-0.04,0.04,0.00) local_age=63.54s ekf_flags=831 vel_var=0.009 pos_var=0.006
GT sent=288 pose=(0.01,-0.03,-99.98) vel=(0.00,0.00,0.00) err=(0.01,-0.03,0.00) local_age=64.69s ekf_flags=831 vel_var=0.009 pos_var=0.006
GT sent=293 pose=(0.07,-0.11,-99.98) vel=(0.00,0.00,0.00) err=(0.06,-0.12,0.00) local_age=65.95s ekf_flags=831 vel_var=0.009 pos_var=0.006
GT sent=298 pose=(0.11,-0.15,-99.98) vel=(0.00,0.00,0.00) err=(0.10,-0.16,0.00) local_age=67.19s ekf_flags=831 vel_var=0.009 pos_var=0.006
GT sent=303 pose=(0.11,-0.11,-99.98) vel=(0.00,0.00,0.00) err=(0.11,-0.12,0.00) local_age=68.56s ekf_flags=831 vel_var=0.009 pos_var=0.006
GT sent=308 pose=(0.08,-0.04,-99.98) vel=(0.00,0.00,0.00) err=(0.08,-0.04,0.00) local_age=69.69s ekf_flags=831 vel_var=0.009 pos_var=0.006
GT sent=313 pose=(0.03,0.05,-99.98) vel=(0.00,0.00,0.00) err=(0.02,0.05,0.00) local_age=70.94s ekf_flags=831 vel_var=0.009 pos_var=0.006
GT sent=317 pose=(-0.02,0.09,-99.98) vel=(0.00,0.00,0.00) err=(-0.02,0.09,0.00) local_age=71.99s ekf_flags=831 vel_var=0.009 pos_var=0.006
GT sent=322 pose=(-0.05,0.07,-99.98) vel=(0.00,0.00,0.00) err=(-0.05,0.07,0.00) local_age=73.19s ekf_flags=831 vel_var=0.009 pos_var=0.006
GT sent=327 pose=(-0.04,-0.02,-99.98) vel=(0.00,0.00,0.00) err=(-0.05,-0.02,0.00) local_age=74.44s ekf_flags=831 vel_var=0.009 pos_var=0.006
GT sent=332 pose=(0.01,-0.12,-99.98) vel=(0.00,0.00,0.00) err=(0.00,-0.13,0.00) local_age=75.69s ekf_flags=831 vel_var=0.009 pos_var=0.006
GT sent=337 pose=(0.08,-0.18,-99.98) vel=(0.00,0.00,0.00) err=(0.07,-0.19,0.00) local_age=76.94s ekf_flags=831 vel_var=0.009 pos_var=0.006
GT sent=341 pose=(0.13,-0.17,-99.98) vel=(0.00,0.00,0.00) err=(0.12,-0.18,0.00) local_age=78.03s ekf_flags=831 vel_var=0.009 pos_var=0.006
GT sent=346 pose=(0.15,-0.11,-99.98) vel=(0.00,0.00,0.00) err=(0.14,-0.11,0.00) local_age=79.19s ekf_flags=831 vel_var=0.009 pos_var=0.006
GT sent=351 pose=(0.12,0.04,-99.98) vel=(0.00,0.00,0.00) err=(0.11,0.04,0.00) local_age=80.44s ekf_flags=831 vel_var=0.009 pos_var=0.006
GT sent=356 pose=(0.04,0.13,-99.98) vel=(0.00,0.00,0.00) err=(0.03,0.13,0.00) local_age=81.69s ekf_flags=831 vel_var=0.009 pos_var=0.006
GT sent=361 pose=(-0.05,0.12,-99.98) vel=(0.00,0.00,0.00) err=(-0.06,0.12,0.00) local_age=82.94s ekf_flags=831 vel_var=0.009 pos_var=0.006
GT sent=365 pose=(-0.09,0.05,-99.98) vel=(0.00,0.00,0.00) err=(-0.09,0.04,0.00) local_age=84.10s ekf_flags=831 vel_var=0.009 pos_var=0.006
GT sent=370 pose=(-0.07,-0.10,-99.98) vel=(0.00,0.00,0.00) err=(-0.08,-0.11,0.00) local_age=85.19s ekf_flags=831 vel_var=0.009 pos_var=0.006
GT sent=375 pose=(0.01,-0.23,-99.98) vel=(0.00,0.00,0.00) err=(0.01,-0.24,0.00) local_age=86.44s ekf_flags=831 vel_var=0.009 pos_var=0.006
GT sent=380 pose=(0.12,-0.27,-99.98) vel=(0.00,0.00,0.00) err=(0.12,-0.27,0.00) local_age=87.69s ekf_flags=831 vel_var=0.009 pos_var=0.006
GT sent=385 pose=(0.20,-0.16,-99.98) vel=(0.00,0.00,0.00) err=(0.20,-0.17,0.00) local_age=88.94s ekf_flags=831 vel_var=0.009 pos_var=0.006
GT sent=389 pose=(0.21,-0.02,-99.98) vel=(0.00,0.00,0.00) err=(0.20,-0.03,0.00) local_age=89.94s ekf_flags=831 vel_var=0.009 pos_var=0.006
GT sent=394 pose=(0.13,0.15,-99.98) vel=(0.00,0.00,0.00) err=(0.13,0.15,0.00) local_age=91.19s ekf_flags=831 vel_var=0.009 pos_var=0.006
GT sent=398 pose=(0.02,0.23,-99.98) vel=(0.00,0.00,0.00) err=(0.02,0.23,0.00) local_age=92.19s ekf_flags=831 vel_var=0.009 pos_var=0.006
GT sent=403 pose=(-0.12,0.15,-99.98) vel=(0.00,0.00,0.00) err=(-0.13,0.14,0.00) local_age=93.69s ekf_flags=831 vel_var=0.009 pos_var=0.006
GT sent=409 pose=(-0.14,-0.05,-99.98) vel=(0.00,0.00,0.00) err=(-0.15,-0.06,0.00) local_age=94.94s ekf_flags=831 vel_var=0.009 pos_var=0.006
GT sent=414 pose=(-0.06,-0.25,-99.98) vel=(0.00,0.00,0.00) err=(-0.06,-0.25,0.00) local_age=96.20s ekf_flags=831 vel_var=0.009 pos_var=0.006
GT sent=419 pose=(0.09,-0.33,-99.98) vel=(0.00,0.00,0.00) err=(0.09,-0.34,0.00) local_age=97.44s ekf_flags=831 vel_var=0.009 pos_var=0.006
GT sent=423 pose=(0.21,-0.24,-99.98) vel=(0.00,0.00,0.00) err=(0.21,-0.24,0.00) local_age=98.71s ekf_flags=831 vel_var=0.009 pos_var=0.006
GT sent=429 pose=(0.22,-0.02,-99.98) vel=(0.00,0.00,0.00) err=(0.22,-0.03,0.00) local_age=99.94s ekf_flags=831 vel_var=0.009 pos_var=0.006
GT sent=434 pose=(0.12,0.18,-99.98) vel=(0.00,0.00,0.00) err=(0.11,0.18,0.00) local_age=101.19s ekf_flags=831 vel_var=0.009 pos_var=0.006
GT sent=438 pose=(-0.00,0.26,-99.98) vel=(0.00,0.00,0.00) err=(-0.01,0.25,0.00) local_age=102.24s ekf_flags=831 vel_var=0.009 pos_var=0.006
GT sent=443 pose=(-0.11,0.15,-99.98) vel=(0.00,0.00,0.00) err=(-0.12,0.15,0.00) local_age=103.72s ekf_flags=831 vel_var=0.009 pos_var=0.006
GT sent=449 pose=(-0.08,-0.06,-99.98) vel=(0.00,0.00,0.00) err=(-0.09,-0.06,0.00) local_age=104.94s ekf_flags=831 vel_var=0.009 pos_var=0.006
GT sent=454 pose=(0.02,-0.22,-99.98) vel=(0.00,0.00,0.00) err=(0.02,-0.23,0.00) local_age=106.28s ekf_flags=831 vel_var=0.009 pos_var=0.006
GT sent=459 pose=(0.14,-0.30,-99.98) vel=(0.00,0.00,0.00) err=(0.14,-0.30,0.00) local_age=107.44s ekf_flags=831 vel_var=0.009 pos_var=0.006
GT sent=464 pose=(0.19,-0.22,-99.98) vel=(0.00,0.00,0.00) err=(0.18,-0.22,0.00) local_age=108.73s ekf_flags=831 vel_var=0.009 pos_var=0.006
GT sent=469 pose=(0.13,-0.05,-99.98) vel=(0.00,0.00,0.00) err=(0.12,-0.06,0.00) local_age=109.94s ekf_flags=831 vel_var=0.009 pos_var=0.006
GT sent=473 pose=(0.03,0.08,-99.98) vel=(0.00,0.00,0.00) err=(0.02,0.08,0.00) local_age=110.94s ekf_flags=831 vel_var=0.009 pos_var=0.006
GT sent=477 pose=(-0.05,0.15,-99.98) vel=(0.00,0.00,0.00) err=(-0.06,0.14,0.00) local_age=111.94s ekf_flags=831 vel_var=0.009 pos_var=0.006
GT sent=482 pose=(-0.10,0.15,-99.98) vel=(0.00,0.00,0.00) err=(-0.10,0.15,0.00) local_age=113.19s ekf_flags=831 vel_var=0.009 pos_var=0.006
GT sent=486 pose=(-0.03,0.06,-99.98) vel=(0.00,0.00,0.00) err=(-0.04,0.05,0.00) local_age=114.35s ekf_flags=831 vel_var=0.009 pos_var=0.006
GT sent=491 pose=(0.06,-0.04,-99.98) vel=(0.00,0.00,0.00) err=(0.05,-0.04,0.00) local_age=115.44s ekf_flags=831 vel_var=0.009 pos_var=0.006
GT sent=495 pose=(0.15,-0.13,-99.98) vel=(0.00,0.00,0.00) err=(0.15,-0.14,0.00) local_age=116.44s ekf_flags=831 vel_var=0.009 pos_var=0.006
GT sent=500 pose=(0.21,-0.21,-99.98) vel=(0.00,0.00,0.00) err=(0.21,-0.21,0.00) local_age=117.69s ekf_flags=831 vel_var=0.009 pos_var=0.006
GT sent=504 pose=(0.18,-0.20,-99.98) vel=(0.00,0.00,0.00) err=(0.17,-0.21,0.00) local_age=118.74s ekf_flags=831 vel_var=0.009 pos_var=0.006
GT sent=509 pose=(0.05,-0.13,-99.98) vel=(0.00,0.00,0.00) err=(0.05,-0.13,0.00) local_age=119.94s ekf_flags=831 vel_var=0.009 pos_var=0.006
GT sent=514 pose=(-0.10,-0.00,-99.98) vel=(0.00,0.00,0.00) err=(-0.10,-0.01,0.00) local_age=121.17s ekf_flags=831 vel_var=0.009 pos_var=0.011
GT sent=518 pose=(-0.17,0.09,-99.99) vel=(0.00,0.00,0.00) err=(-0.15,0.11,0.00) local_age=0.75s ekf_flags=831 vel_var=0.009 pos_var=0.013
GT sent=523 pose=(-0.15,0.16,-100.00) vel=(0.00,0.00,0.00) err=(-0.08,0.14,0.00) local_age=0.05s ekf_flags=831 vel_var=0.009 pos_var=0.012
